TN:
SF:src/polyfills.ts
FNF:0
FNH:0
LF:0
LH:0
BRF:0
BRH:0
end_of_record
TN:
SF:src/test.ts
FNF:0
FNH:0
DA:18,1
DA:23,1
DA:25,1
LF:3
LH:3
BRF:0
BRH:0
end_of_record
TN:
SF:src/app/app.component.ts
FNF:0
FNH:0
DA:8,1
DA:9,2
LF:2
LH:2
BRF:0
BRH:0
end_of_record
TN:
SF:src/app/checker.ts
FN:12,(anonymous_0)
FN:22,(anonymous_1)
FN:26,(anonymous_2)
FN:30,(anonymous_3)
FN:50,(anonymous_4)
FNF:5
FNH:5
FNDA:4,(anonymous_0)
FNDA:1,(anonymous_1)
FNDA:1,(anonymous_2)
FNDA:1,(anonymous_3)
FNDA:2,(anonymous_4)
DA:13,4
DA:14,4
DA:15,4
DA:16,4
DA:17,4
DA:18,4
DA:19,4
DA:23,1
DA:27,1
DA:31,1
DA:32,1
DA:33,1
DA:34,1
DA:35,0
DA:36,0
DA:39,1
DA:40,1
DA:41,1
DA:42,1
DA:44,0
DA:46,1
DA:51,2
DA:52,2
DA:53,2
DA:54,530
DA:55,530
DA:57,2
DA:62,1
DA:63,1
DA:64,1
DA:65,1
DA:66,1
LF:32
LH:29
BRDA:39,0,0,1
BRDA:39,0,1,0
BRDA:53,1,0,532
BRDA:53,1,1,530
BRF:4
BRH:3
end_of_record
TN:
SF:src/app/spinArray.ts
FN:12,(anonymous_0)
FN:16,(anonymous_1)
FN:20,(anonymous_2)
FN:24,(anonymous_3)
FN:28,(anonymous_4)
FN:31,(anonymous_5)
FN:35,(anonymous_6)
FN:46,(anonymous_7)
FN:50,(anonymous_8)
FN:55,(anonymous_9)
FN:58,(anonymous_10)
FN:60,(anonymous_11)
FN:63,(anonymous_12)
FNF:13
FNH:11
FNDA:1,(anonymous_0)
FNDA:1,(anonymous_1)
FNDA:1,(anonymous_2)
FNDA:1,(anonymous_3)
FNDA:2,(anonymous_4)
FNDA:2,(anonymous_5)
FNDA:2,(anonymous_6)
FNDA:1,(anonymous_7)
FNDA:2,(anonymous_8)
FNDA:3,(anonymous_9)
FNDA:0,(anonymous_10)
FNDA:0,(anonymous_11)
FNDA:4,(anonymous_12)
DA:13,1
DA:17,1
DA:21,1
DA:25,1
DA:29,2
DA:32,2
DA:37,2
DA:38,1
DA:39,1
DA:40,1
DA:41,0
DA:43,1
DA:47,1
DA:51,2
DA:52,2
DA:53,2
DA:55,2
DA:56,3
DA:57,0
DA:58,0
DA:60,0
DA:63,4
DA:65,3
DA:71,1
DA:72,1
DA:73,1
DA:74,1
DA:75,1
DA:76,1
DA:77,1
DA:78,1
DA:79,1
LF:32
LH:28
BRDA:37,0,0,1
BRDA:37,0,1,1
BRDA:40,1,0,0
BRDA:40,1,1,1
BRDA:56,2,0,0
BRDA:56,2,1,3
BRDA:57,3,0,0
BRDA:57,3,1,0
BRF:8
BRH:4
end_of_record
TN:
SF:src/app/example-testing/example-testing.component.ts
FN:10,(anonymous_0)
FN:12,(anonymous_1)
FNF:2
FNH:1
FNDA:1,(anonymous_0)
FNDA:0,(anonymous_1)
DA:8,1
LF:1
LH:1
BRF:0
BRH:0
end_of_record
TN:
SF:src/app/game/game.component.ts
FN:11,(anonymous_0)
FNF:1
FNH:1
FNDA:1,(anonymous_0)
DA:9,1
LF:1
LH:1
BRF:0
BRH:0
end_of_record
TN:
SF:src/app/machine-credits/machine-credits.component.ts
FN:15,(anonymous_0)
FN:19,(anonymous_1)
FN:23,(anonymous_2)
FN:40,(anonymous_3)
FN:44,(anonymous_4)
FN:51,(anonymous_5)
FN:52,(anonymous_6)
FNF:7
FNH:7
FNDA:4,(anonymous_0)
FNDA:3,(anonymous_1)
FNDA:6,(anonymous_2)
FNDA:2,(anonymous_3)
FNDA:1,(anonymous_4)
FNDA:1,(anonymous_5)
FNDA:1,(anonymous_6)
DA:10,1
DA:15,4
DA:20,3
DA:24,6
DA:25,1
DA:26,1
DA:27,1
DA:28,1
DA:29,1
DA:31,0
DA:32,0
DA:35,5
DA:36,6
DA:37,6
DA:41,2
DA:45,1
DA:46,1
DA:47,0
DA:52,1
DA:53,1
DA:59,1
DA:60,1
DA:61,1
DA:62,1
DA:63,1
LF:25
LH:22
BRDA:24,0,0,1
BRDA:24,0,1,5
BRDA:25,1,0,1
BRDA:25,1,1,0
BRDA:27,2,0,1
BRDA:27,2,1,0
BRDA:41,3,0,0
BRDA:41,3,1,2
BRDA:46,4,0,0
BRDA:46,4,1,1
BRDA:53,5,0,0
BRDA:53,5,1,1
BRF:12
BRH:7
end_of_record
TN:
SF:src/app/money-manager/money-manager.component.ts
FN:14,(anonymous_0)
FN:18,(anonymous_1)
FN:22,(anonymous_2)
FN:23,(anonymous_3)
FNF:4
FNH:3
FNDA:1,(anonymous_0)
FNDA:1,(anonymous_1)
FNDA:1,(anonymous_2)
FNDA:0,(anonymous_3)
DA:10,1
DA:14,1
DA:15,1
DA:19,1
DA:23,1
DA:24,0
LF:6
LH:5
BRF:0
BRH:0
end_of_record
TN:
SF:src/app/services/data.service.ts
FN:13,(anonymous_0)
FNF:1
FNH:1
FNDA:12,(anonymous_0)
DA:6,1
DA:8,12
DA:9,12
DA:10,12
DA:11,12
LF:5
LH:5
BRF:0
BRH:0
end_of_record
TN:
SF:src/app/spin/spin.component.ts
FN:28,(anonymous_0)
FN:37,(anonymous_1)
FN:42,(anonymous_2)
FN:56,(anonymous_3)
FN:58,(anonymous_4)
FN:69,(anonymous_5)
FN:70,(anonymous_6)
FN:76,(anonymous_7)
FN:77,(anonymous_8)
FN:88,(anonymous_9)
FNF:10
FNH:9
FNDA:3,(anonymous_0)
FNDA:2,(anonymous_1)
FNDA:2,(anonymous_2)
FNDA:2,(anonymous_3)
FNDA:0,(anonymous_4)
FNDA:2,(anonymous_5)
FNDA:1,(anonymous_6)
FNDA:3,(anonymous_7)
FNDA:1,(anonymous_8)
FNDA:1,(anonymous_9)
DA:16,1
DA:28,3
DA:29,3
DA:30,3
DA:31,3
DA:32,3
DA:33,3
DA:34,3
DA:38,2
DA:39,2
DA:43,2
DA:44,1
DA:45,1
DA:46,1
DA:47,1
DA:48,1
DA:49,1
DA:50,1
DA:52,1
DA:57,2
DA:58,2
DA:59,0
DA:60,0
DA:61,0
DA:62,0
DA:63,0
DA:65,2
DA:66,2
DA:70,2
DA:71,1
DA:77,3
DA:78,1
DA:79,0
DA:80,0
DA:82,1
DA:83,1
DA:89,1
DA:90,1
DA:97,1
DA:98,1
DA:99,1
DA:100,1
DA:101,1
LF:43
LH:36
BRDA:43,0,0,1
BRDA:43,0,1,1
BRDA:48,1,0,0
BRDA:48,1,1,1
BRDA:60,2,0,0
BRDA:60,2,1,0
BRDA:78,3,0,0
BRDA:78,3,1,1
BRDA:78,4,0,1
BRDA:78,4,1,1
BRDA:89,5,0,1
BRDA:89,5,1,0
BRF:12
BRH:7
end_of_record
TN:
SF:src/app/status-game/status-game.component.ts
FN:17,(anonymous_0)
FN:22,(anonymous_1)
FN:28,(anonymous_2)
FN:29,(anonymous_3)
FN:34,(anonymous_4)
FN:35,(anonymous_5)
FN:40,(anonymous_6)
FN:41,(anonymous_7)
FNF:8
FNH:5
FNDA:3,(anonymous_0)
FNDA:2,(anonymous_1)
FNDA:3,(anonymous_2)
FNDA:0,(anonymous_3)
FNDA:3,(anonymous_4)
FNDA:0,(anonymous_5)
FNDA:3,(anonymous_6)
FNDA:0,(anonymous_7)
DA:12,1
DA:17,3
DA:18,3
DA:19,3
DA:23,2
DA:24,2
DA:25,2
DA:29,3
DA:30,0
DA:35,3
DA:36,0
DA:41,3
DA:42,0
DA:48,1
DA:49,1
DA:50,1
DA:51,1
DA:52,1
LF:18
LH:15
BRDA:42,0,0,0
BRDA:42,0,1,0
BRF:2
BRH:0
end_of_record
TN:
SF:src/environments/environment.ts
FNF:0
FNH:0
DA:6,1
LF:1
LH:1
BRF:0
BRH:0
end_of_record
